Determining if the pthread_create exist failed with the following output:
Change Dir: /home/pepper/catkin_ws/src/amcl/CMakeFiles/CMakeTmp

Run Build Command:/usr/bin/make "cmTryCompileExec4136189627/fast"
/usr/bin/make -f CMakeFiles/cmTryCompileExec4136189627.dir/build.make CMakeFiles/cmTryCompileExec4136189627.dir/build
make[1]: 正在进入目录 `/home/pepper/catkin_ws/src/amcl/CMakeFiles/CMakeTmp'
/usr/bin/cmake -E cmake_progress_report /home/pepper/catkin_ws/src/amcl/CMakeFiles/CMakeTmp/CMakeFiles 1
Building C object CMakeFiles/cmTryCompileExec4136189627.dir/CheckSymbolExists.c.o
/usr/bin/cc    -o CMakeFiles/cmTryCompileExec4136189627.dir/CheckSymbolExists.c.o   -c /home/pepper/catkin_ws/src/amcl/CMakeFiles/CMakeTmp/CheckSymbolExists.c
Linking C executable cmTryCompileExec4136189627
/usr/bin/cmake -E cmake_link_script CMakeFiles/cmTryCompileExec4136189627.dir/link.txt --verbose=1
/usr/bin/cc       CMakeFiles/cmTryCompileExec4136189627.dir/CheckSymbolExists.c.o  -o cmTryCompileExec4136189627 -rdynamic 
CMakeFiles/cmTryCompileExec4136189627.dir/CheckSymbolExists.c.o：在函数‘main’中：
CheckSymbolExists.c:(.text+0x16)：对‘pthread_create’未定义的引用
collect2: error: ld returned 1 exit status
make[1]:正在离开目录 `/home/pepper/catkin_ws/src/amcl/CMakeFiles/CMakeTmp'
make[1]: *** [cmTryCompileExec4136189627] 错误 1
make: *** [cmTryCompileExec4136189627/fast] 错误 2

File /home/pepper/catkin_ws/src/amcl/CMakeFiles/CMakeTmp/CheckSymbolExists.c:
/* */
#include <pthread.h>

int main(int argc, char** argv)
{
  (void)argv;
#ifndef pthread_create
  return ((int*)(&pthread_create))[argc];
#else
  (void)argc;
  return 0;
#endif
}

Determining if the function pthread_create exists in the pthreads failed with the following output:
Change Dir: /home/pepper/catkin_ws/src/amcl/CMakeFiles/CMakeTmp

Run Build Command:/usr/bin/make "cmTryCompileExec580798025/fast"
/usr/bin/make -f CMakeFiles/cmTryCompileExec580798025.dir/build.make CMakeFiles/cmTryCompileExec580798025.dir/build
make[1]: 正在进入目录 `/home/pepper/catkin_ws/src/amcl/CMakeFiles/CMakeTmp'
/usr/bin/cmake -E cmake_progress_report /home/pepper/catkin_ws/src/amcl/CMakeFiles/CMakeTmp/CMakeFiles 1
Building C object CMakeFiles/cmTryCompileExec580798025.dir/CheckFunctionExists.c.o
/usr/bin/cc   -DCHECK_FUNCTION_EXISTS=pthread_create   -o CMakeFiles/cmTryCompileExec580798025.dir/CheckFunctionExists.c.o   -c /usr/share/cmake-2.8/Modules/CheckFunctionExists.c
Linking C executable cmTryCompileExec580798025
/usr/bin/cmake -E cmake_link_script CMakeFiles/cmTryCompileExec580798025.dir/link.txt --verbose=1
/usr/bin/cc   -DCHECK_FUNCTION_EXISTS=pthread_create    CMakeFiles/cmTryCompileExec580798025.dir/CheckFunctionExists.c.o  -o cmTryCompileExec580798025 -rdynamic -lpthreads 
/usr/bin/ld: cannot find -lpthreads
collect2: error: ld returned 1 exit status
make[1]: *** [cmTryCompileExec580798025] 错误 1
make[1]:正在离开目录 `/home/pepper/catkin_ws/src/amcl/CMakeFiles/CMakeTmp'
make: *** [cmTryCompileExec580798025/fast] 错误 2


